CRITICAL - 2021-03-10 11:44:13 --> Invalid file: facultylist.php
#0 D:\job\Software\xampp\htdocs\sentrahki\system\View\View.php(203): CodeIgniter\Exceptions\FrameworkException::forInvalidFile('facultylist.php')
#1 D:\job\Software\xampp\htdocs\sentrahki\system\Common.php(1217): CodeIgniter\View\View->render('facultylist.php', Array, true)
#2 D:\job\Software\xampp\htdocs\sentrahki\app\Views\layout\v_content.php(25): view('facultylist.php')
#3 D:\job\Software\xampp\htdocs\sentrahki\system\View\View.php(220): include('D:\\job\\Software...')
#4 D:\job\Software\xampp\htdocs\sentrahki\system\View\View.php(222): CodeIgniter\View\View->CodeIgniter\View\{closure}()
#5 D:\job\Software\xampp\htdocs\sentrahki\system\Common.php(1217): CodeIgniter\View\View->render('layout/v_conten...', Array, true)
#6 D:\job\Software\xampp\htdocs\sentrahki\app\Views\layout\v_wrapper.php(5): view('layout/v_conten...')
#7 D:\job\Software\xampp\htdocs\sentrahki\system\View\View.php(220): include('D:\\job\\Software...')
#8 D:\job\Software\xampp\htdocs\sentrahki\system\View\View.php(222): CodeIgniter\View\View->CodeIgniter\View\{closure}()
#9 D:\job\Software\xampp\htdocs\sentrahki\system\Common.php(1217): CodeIgniter\View\View->render('layout/v_wrappe...', Array, true)
#10 D:\job\Software\xampp\htdocs\sentrahki\app\Controllers\DataMaster.php(31): view('layout/v_wrappe...', Array)
#11 D:\job\Software\xampp\htdocs\sentrahki\system\CodeIgniter.php(936): App\Controllers\DataMaster->facultylist()
#12 D:\job\Software\xampp\htdocs\sentrahki\system\CodeIgniter.php(432): CodeIgniter\CodeIgniter->runController(Object(App\Controllers\DataMaster))
#13 D:\job\Software\xampp\htdocs\sentrahki\system\CodeIgniter.php(333): CodeIgniter\CodeIgniter->handleRequest(NULL, Object(Config\Cache), false)
#14 D:\job\Software\xampp\htdocs\sentrahki\public\index.php(44): CodeIgniter\CodeIgniter->run()
#15 {main}
CRITICAL - 2021-03-10 11:44:53 --> Invalid file: facultylist.php
#0 D:\job\Software\xampp\htdocs\sentrahki\system\View\View.php(203): CodeIgniter\Exceptions\FrameworkException::forInvalidFile('facultylist.php')
#1 D:\job\Software\xampp\htdocs\sentrahki\system\Common.php(1217): CodeIgniter\View\View->render('facultylist.php', Array, true)
#2 D:\job\Software\xampp\htdocs\sentrahki\app\Views\layout\v_content.php(25): view('facultylist.php')
#3 D:\job\Software\xampp\htdocs\sentrahki\system\View\View.php(220): include('D:\\job\\Software...')
#4 D:\job\Software\xampp\htdocs\sentrahki\system\View\View.php(222): CodeIgniter\View\View->CodeIgniter\View\{closure}()
#5 D:\job\Software\xampp\htdocs\sentrahki\system\Common.php(1217): CodeIgniter\View\View->render('layout/v_conten...', Array, true)
#6 D:\job\Software\xampp\htdocs\sentrahki\app\Views\layout\v_wrapper.php(5): view('layout/v_conten...')
#7 D:\job\Software\xampp\htdocs\sentrahki\system\View\View.php(220): include('D:\\job\\Software...')
#8 D:\job\Software\xampp\htdocs\sentrahki\system\View\View.php(222): CodeIgniter\View\View->CodeIgniter\View\{closure}()
#9 D:\job\Software\xampp\htdocs\sentrahki\system\Common.php(1217): CodeIgniter\View\View->render('layout/v_wrappe...', Array, true)
#10 D:\job\Software\xampp\htdocs\sentrahki\app\Controllers\DataMaster.php(31): view('layout/v_wrappe...', Array)
#11 D:\job\Software\xampp\htdocs\sentrahki\system\CodeIgniter.php(936): App\Controllers\DataMaster->facultylist()
#12 D:\job\Software\xampp\htdocs\sentrahki\system\CodeIgniter.php(432): CodeIgniter\CodeIgniter->runController(Object(App\Controllers\DataMaster))
#13 D:\job\Software\xampp\htdocs\sentrahki\system\CodeIgniter.php(333): CodeIgniter\CodeIgniter->handleRequest(NULL, Object(Config\Cache), false)
#14 D:\job\Software\xampp\htdocs\sentrahki\public\index.php(44): CodeIgniter\CodeIgniter->run()
#15 {main}
CRITICAL - 2021-03-10 11:45:00 --> Invalid file: facultylist.php
#0 D:\job\Software\xampp\htdocs\sentrahki\system\View\View.php(203): CodeIgniter\Exceptions\FrameworkException::forInvalidFile('facultylist.php')
#1 D:\job\Software\xampp\htdocs\sentrahki\system\Common.php(1217): CodeIgniter\View\View->render('facultylist.php', Array, true)
#2 D:\job\Software\xampp\htdocs\sentrahki\app\Views\layout\v_content.php(25): view('facultylist.php')
#3 D:\job\Software\xampp\htdocs\sentrahki\system\View\View.php(220): include('D:\\job\\Software...')
#4 D:\job\Software\xampp\htdocs\sentrahki\system\View\View.php(222): CodeIgniter\View\View->CodeIgniter\View\{closure}()
#5 D:\job\Software\xampp\htdocs\sentrahki\system\Common.php(1217): CodeIgniter\View\View->render('layout/v_conten...', Array, true)
#6 D:\job\Software\xampp\htdocs\sentrahki\app\Views\layout\v_wrapper.php(5): view('layout/v_conten...')
#7 D:\job\Software\xampp\htdocs\sentrahki\system\View\View.php(220): include('D:\\job\\Software...')
#8 D:\job\Software\xampp\htdocs\sentrahki\system\View\View.php(222): CodeIgniter\View\View->CodeIgniter\View\{closure}()
#9 D:\job\Software\xampp\htdocs\sentrahki\system\Common.php(1217): CodeIgniter\View\View->render('layout/v_wrappe...', Array, true)
#10 D:\job\Software\xampp\htdocs\sentrahki\app\Controllers\DataMaster.php(31): view('layout/v_wrappe...', Array)
#11 D:\job\Software\xampp\htdocs\sentrahki\system\CodeIgniter.php(936): App\Controllers\DataMaster->facultylist()
#12 D:\job\Software\xampp\htdocs\sentrahki\system\CodeIgniter.php(432): CodeIgniter\CodeIgniter->runController(Object(App\Controllers\DataMaster))
#13 D:\job\Software\xampp\htdocs\sentrahki\system\CodeIgniter.php(333): CodeIgniter\CodeIgniter->handleRequest(NULL, Object(Config\Cache), false)
#14 D:\job\Software\xampp\htdocs\sentrahki\public\index.php(44): CodeIgniter\CodeIgniter->run()
#15 {main}
