CRITICAL - 2021-02-20 08:42:21 --> syntax error, unexpected 'echo' (T_ECHO)
#0 D:\job\Software\xampp\htdocs\sentrahki\system\Router\Router.php(170): CodeIgniter\Router\Router->autoRoute('/home/patent')
#1 D:\job\Software\xampp\htdocs\sentrahki\system\CodeIgniter.php(816): CodeIgniter\Router\Router->handle('/home/patent')
#2 D:\job\Software\xampp\htdocs\sentrahki\system\CodeIgniter.php(385): CodeIgniter\CodeIgniter->tryToRouteIt(Object(CodeIgniter\Router\RouteCollection))
#3 D:\job\Software\xampp\htdocs\sentrahki\system\CodeIgniter.php(333): CodeIgniter\CodeIgniter->handleRequest(NULL, Object(Config\Cache), false)
#4 D:\job\Software\xampp\htdocs\sentrahki\public\index.php(44): CodeIgniter\CodeIgniter->run()
#5 {main}
CRITICAL - 2021-02-20 09:03:13 --> syntax error, unexpected 'echo' (T_ECHO)
#0 D:\job\Software\xampp\htdocs\sentrahki\system\View\View.php(222): CodeIgniter\View\View->CodeIgniter\View\{closure}()
#1 D:\job\Software\xampp\htdocs\sentrahki\system\Common.php(1217): CodeIgniter\View\View->render('layout/v_conten...', Array, true)
#2 D:\job\Software\xampp\htdocs\sentrahki\app\Views\layout\v_wrapper.php(5): view('layout/v_conten...')
#3 D:\job\Software\xampp\htdocs\sentrahki\system\View\View.php(220): include('D:\\job\\Software...')
#4 D:\job\Software\xampp\htdocs\sentrahki\system\View\View.php(222): CodeIgniter\View\View->CodeIgniter\View\{closure}()
#5 D:\job\Software\xampp\htdocs\sentrahki\system\Common.php(1217): CodeIgniter\View\View->render('layout/v_wrappe...', Array, true)
#6 D:\job\Software\xampp\htdocs\sentrahki\app\Controllers\Home.php(13): view('layout/v_wrappe...', Array)
#7 D:\job\Software\xampp\htdocs\sentrahki\system\CodeIgniter.php(936): App\Controllers\Home->index()
#8 D:\job\Software\xampp\htdocs\sentrahki\system\CodeIgniter.php(432): CodeIgniter\CodeIgniter->runController(Object(App\Controllers\Home))
#9 D:\job\Software\xampp\htdocs\sentrahki\system\CodeIgniter.php(333): CodeIgniter\CodeIgniter->handleRequest(NULL, Object(Config\Cache), false)
#10 D:\job\Software\xampp\htdocs\sentrahki\public\index.php(44): CodeIgniter\CodeIgniter->run()
#11 {main}
CRITICAL - 2021-02-20 09:03:52 --> Invalid file: .php
#0 D:\job\Software\xampp\htdocs\sentrahki\system\View\View.php(203): CodeIgniter\Exceptions\FrameworkException::forInvalidFile('.php')
#1 D:\job\Software\xampp\htdocs\sentrahki\system\Common.php(1217): CodeIgniter\View\View->render('', Array, true)
#2 D:\job\Software\xampp\htdocs\sentrahki\app\Views\layout\v_content.php(25): view('')
#3 D:\job\Software\xampp\htdocs\sentrahki\system\View\View.php(220): include('D:\\job\\Software...')
#4 D:\job\Software\xampp\htdocs\sentrahki\system\View\View.php(222): CodeIgniter\View\View->CodeIgniter\View\{closure}()
#5 D:\job\Software\xampp\htdocs\sentrahki\system\Common.php(1217): CodeIgniter\View\View->render('layout/v_conten...', Array, true)
#6 D:\job\Software\xampp\htdocs\sentrahki\app\Views\layout\v_wrapper.php(5): view('layout/v_conten...')
#7 D:\job\Software\xampp\htdocs\sentrahki\system\View\View.php(220): include('D:\\job\\Software...')
#8 D:\job\Software\xampp\htdocs\sentrahki\system\View\View.php(222): CodeIgniter\View\View->CodeIgniter\View\{closure}()
#9 D:\job\Software\xampp\htdocs\sentrahki\system\Common.php(1217): CodeIgniter\View\View->render('layout/v_wrappe...', Array, true)
#10 D:\job\Software\xampp\htdocs\sentrahki\app\Controllers\Home.php(22): view('layout/v_wrappe...', Array)
#11 D:\job\Software\xampp\htdocs\sentrahki\system\CodeIgniter.php(936): App\Controllers\Home->patent()
#12 D:\job\Software\xampp\htdocs\sentrahki\system\CodeIgniter.php(432): CodeIgniter\CodeIgniter->runController(Object(App\Controllers\Home))
#13 D:\job\Software\xampp\htdocs\sentrahki\system\CodeIgniter.php(333): CodeIgniter\CodeIgniter->handleRequest(NULL, Object(Config\Cache), false)
#14 D:\job\Software\xampp\htdocs\sentrahki\public\index.php(44): CodeIgniter\CodeIgniter->run()
#15 {main}
CRITICAL - 2021-02-20 09:04:56 --> Invalid file: ipr/copyright/patents.php
#0 D:\job\Software\xampp\htdocs\sentrahki\system\View\View.php(203): CodeIgniter\Exceptions\FrameworkException::forInvalidFile('ipr/copyright/p...')
#1 D:\job\Software\xampp\htdocs\sentrahki\system\Common.php(1217): CodeIgniter\View\View->render('ipr/copyright/p...', Array, true)
#2 D:\job\Software\xampp\htdocs\sentrahki\app\Views\layout\v_content.php(25): view('ipr/copyright/p...')
#3 D:\job\Software\xampp\htdocs\sentrahki\system\View\View.php(220): include('D:\\job\\Software...')
#4 D:\job\Software\xampp\htdocs\sentrahki\system\View\View.php(222): CodeIgniter\View\View->CodeIgniter\View\{closure}()
#5 D:\job\Software\xampp\htdocs\sentrahki\system\Common.php(1217): CodeIgniter\View\View->render('layout/v_conten...', Array, true)
#6 D:\job\Software\xampp\htdocs\sentrahki\app\Views\layout\v_wrapper.php(5): view('layout/v_conten...')
#7 D:\job\Software\xampp\htdocs\sentrahki\system\View\View.php(220): include('D:\\job\\Software...')
#8 D:\job\Software\xampp\htdocs\sentrahki\system\View\View.php(222): CodeIgniter\View\View->CodeIgniter\View\{closure}()
#9 D:\job\Software\xampp\htdocs\sentrahki\system\Common.php(1217): CodeIgniter\View\View->render('layout/v_wrappe...', Array, true)
#10 D:\job\Software\xampp\htdocs\sentrahki\app\Controllers\Home.php(22): view('layout/v_wrappe...', Array)
#11 D:\job\Software\xampp\htdocs\sentrahki\system\CodeIgniter.php(936): App\Controllers\Home->patent()
#12 D:\job\Software\xampp\htdocs\sentrahki\system\CodeIgniter.php(432): CodeIgniter\CodeIgniter->runController(Object(App\Controllers\Home))
#13 D:\job\Software\xampp\htdocs\sentrahki\system\CodeIgniter.php(333): CodeIgniter\CodeIgniter->handleRequest(NULL, Object(Config\Cache), false)
#14 D:\job\Software\xampp\htdocs\sentrahki\public\index.php(44): CodeIgniter\CodeIgniter->run()
#15 {main}
CRITICAL - 2021-02-20 09:06:54 --> Invalid file: ipr/copyright/patents.php
#0 D:\job\Software\xampp\htdocs\sentrahki\system\View\View.php(203): CodeIgniter\Exceptions\FrameworkException::forInvalidFile('ipr/copyright/p...')
#1 D:\job\Software\xampp\htdocs\sentrahki\system\Common.php(1217): CodeIgniter\View\View->render('ipr/copyright/p...', Array, true)
#2 D:\job\Software\xampp\htdocs\sentrahki\app\Views\layout\v_content.php(25): view('ipr/copyright/p...')
#3 D:\job\Software\xampp\htdocs\sentrahki\system\View\View.php(220): include('D:\\job\\Software...')
#4 D:\job\Software\xampp\htdocs\sentrahki\system\View\View.php(222): CodeIgniter\View\View->CodeIgniter\View\{closure}()
#5 D:\job\Software\xampp\htdocs\sentrahki\system\Common.php(1217): CodeIgniter\View\View->render('layout/v_conten...', Array, true)
#6 D:\job\Software\xampp\htdocs\sentrahki\app\Views\layout\v_wrapper.php(5): view('layout/v_conten...')
#7 D:\job\Software\xampp\htdocs\sentrahki\system\View\View.php(220): include('D:\\job\\Software...')
#8 D:\job\Software\xampp\htdocs\sentrahki\system\View\View.php(222): CodeIgniter\View\View->CodeIgniter\View\{closure}()
#9 D:\job\Software\xampp\htdocs\sentrahki\system\Common.php(1217): CodeIgniter\View\View->render('layout/v_wrappe...', Array, true)
#10 D:\job\Software\xampp\htdocs\sentrahki\app\Controllers\Home.php(22): view('layout/v_wrappe...', Array)
#11 D:\job\Software\xampp\htdocs\sentrahki\system\CodeIgniter.php(936): App\Controllers\Home->patent()
#12 D:\job\Software\xampp\htdocs\sentrahki\system\CodeIgniter.php(432): CodeIgniter\CodeIgniter->runController(Object(App\Controllers\Home))
#13 D:\job\Software\xampp\htdocs\sentrahki\system\CodeIgniter.php(333): CodeIgniter\CodeIgniter->handleRequest(NULL, Object(Config\Cache), false)
#14 D:\job\Software\xampp\htdocs\sentrahki\public\index.php(44): CodeIgniter\CodeIgniter->run()
#15 {main}
CRITICAL - 2021-02-20 11:16:07 --> Invalid file: ipr/copyright/copyrights.php
#0 D:\job\Software\xampp\htdocs\sentrahki\system\View\View.php(203): CodeIgniter\Exceptions\FrameworkException::forInvalidFile('ipr/copyright/c...')
#1 D:\job\Software\xampp\htdocs\sentrahki\system\Common.php(1217): CodeIgniter\View\View->render('ipr/copyright/c...', Array, true)
#2 D:\job\Software\xampp\htdocs\sentrahki\app\Views\layout\v_content.php(25): view('ipr/copyright/c...')
#3 D:\job\Software\xampp\htdocs\sentrahki\system\View\View.php(220): include('D:\\job\\Software...')
#4 D:\job\Software\xampp\htdocs\sentrahki\system\View\View.php(222): CodeIgniter\View\View->CodeIgniter\View\{closure}()
#5 D:\job\Software\xampp\htdocs\sentrahki\system\Common.php(1217): CodeIgniter\View\View->render('layout/v_conten...', Array, true)
#6 D:\job\Software\xampp\htdocs\sentrahki\app\Views\layout\v_wrapper.php(5): view('layout/v_conten...')
#7 D:\job\Software\xampp\htdocs\sentrahki\system\View\View.php(220): include('D:\\job\\Software...')
#8 D:\job\Software\xampp\htdocs\sentrahki\system\View\View.php(222): CodeIgniter\View\View->CodeIgniter\View\{closure}()
#9 D:\job\Software\xampp\htdocs\sentrahki\system\Common.php(1217): CodeIgniter\View\View->render('layout/v_wrappe...', Array, true)
#10 D:\job\Software\xampp\htdocs\sentrahki\app\Controllers\Home.php(31): view('layout/v_wrappe...', Array)
#11 D:\job\Software\xampp\htdocs\sentrahki\system\CodeIgniter.php(936): App\Controllers\Home->copyright()
#12 D:\job\Software\xampp\htdocs\sentrahki\system\CodeIgniter.php(432): CodeIgniter\CodeIgniter->runController(Object(App\Controllers\Home))
#13 D:\job\Software\xampp\htdocs\sentrahki\system\CodeIgniter.php(333): CodeIgniter\CodeIgniter->handleRequest(NULL, Object(Config\Cache), false)
#14 D:\job\Software\xampp\htdocs\sentrahki\public\index.php(44): CodeIgniter\CodeIgniter->run()
#15 {main}
CRITICAL - 2021-02-20 11:17:44 --> Invalid file: ipr/patent/patents.php
#0 D:\job\Software\xampp\htdocs\sentrahki\system\View\View.php(203): CodeIgniter\Exceptions\FrameworkException::forInvalidFile('ipr/patent/pate...')
#1 D:\job\Software\xampp\htdocs\sentrahki\system\Common.php(1217): CodeIgniter\View\View->render('ipr/patent/pate...', Array, true)
#2 D:\job\Software\xampp\htdocs\sentrahki\app\Views\layout\v_content.php(25): view('ipr/patent/pate...')
#3 D:\job\Software\xampp\htdocs\sentrahki\system\View\View.php(220): include('D:\\job\\Software...')
#4 D:\job\Software\xampp\htdocs\sentrahki\system\View\View.php(222): CodeIgniter\View\View->CodeIgniter\View\{closure}()
#5 D:\job\Software\xampp\htdocs\sentrahki\system\Common.php(1217): CodeIgniter\View\View->render('layout/v_conten...', Array, true)
#6 D:\job\Software\xampp\htdocs\sentrahki\app\Views\layout\v_wrapper.php(5): view('layout/v_conten...')
#7 D:\job\Software\xampp\htdocs\sentrahki\system\View\View.php(220): include('D:\\job\\Software...')
#8 D:\job\Software\xampp\htdocs\sentrahki\system\View\View.php(222): CodeIgniter\View\View->CodeIgniter\View\{closure}()
#9 D:\job\Software\xampp\htdocs\sentrahki\system\Common.php(1217): CodeIgniter\View\View->render('layout/v_wrappe...', Array, true)
#10 D:\job\Software\xampp\htdocs\sentrahki\app\Controllers\Home.php(22): view('layout/v_wrappe...', Array)
#11 D:\job\Software\xampp\htdocs\sentrahki\system\CodeIgniter.php(936): App\Controllers\Home->patentlist()
#12 D:\job\Software\xampp\htdocs\sentrahki\system\CodeIgniter.php(432): CodeIgniter\CodeIgniter->runController(Object(App\Controllers\Home))
#13 D:\job\Software\xampp\htdocs\sentrahki\system\CodeIgniter.php(333): CodeIgniter\CodeIgniter->handleRequest(NULL, Object(Config\Cache), false)
#14 D:\job\Software\xampp\htdocs\sentrahki\public\index.php(44): CodeIgniter\CodeIgniter->run()
#15 {main}
CRITICAL - 2021-02-20 11:18:23 --> Invalid file: ipr/patent/patents.php
#0 D:\job\Software\xampp\htdocs\sentrahki\system\View\View.php(203): CodeIgniter\Exceptions\FrameworkException::forInvalidFile('ipr/patent/pate...')
#1 D:\job\Software\xampp\htdocs\sentrahki\system\Common.php(1217): CodeIgniter\View\View->render('ipr/patent/pate...', Array, true)
#2 D:\job\Software\xampp\htdocs\sentrahki\app\Views\layout\v_content.php(25): view('ipr/patent/pate...')
#3 D:\job\Software\xampp\htdocs\sentrahki\system\View\View.php(220): include('D:\\job\\Software...')
#4 D:\job\Software\xampp\htdocs\sentrahki\system\View\View.php(222): CodeIgniter\View\View->CodeIgniter\View\{closure}()
#5 D:\job\Software\xampp\htdocs\sentrahki\system\Common.php(1217): CodeIgniter\View\View->render('layout/v_conten...', Array, true)
#6 D:\job\Software\xampp\htdocs\sentrahki\app\Views\layout\v_wrapper.php(5): view('layout/v_conten...')
#7 D:\job\Software\xampp\htdocs\sentrahki\system\View\View.php(220): include('D:\\job\\Software...')
#8 D:\job\Software\xampp\htdocs\sentrahki\system\View\View.php(222): CodeIgniter\View\View->CodeIgniter\View\{closure}()
#9 D:\job\Software\xampp\htdocs\sentrahki\system\Common.php(1217): CodeIgniter\View\View->render('layout/v_wrappe...', Array, true)
#10 D:\job\Software\xampp\htdocs\sentrahki\app\Controllers\Home.php(22): view('layout/v_wrappe...', Array)
#11 D:\job\Software\xampp\htdocs\sentrahki\system\CodeIgniter.php(936): App\Controllers\Home->patentlist()
#12 D:\job\Software\xampp\htdocs\sentrahki\system\CodeIgniter.php(432): CodeIgniter\CodeIgniter->runController(Object(App\Controllers\Home))
#13 D:\job\Software\xampp\htdocs\sentrahki\system\CodeIgniter.php(333): CodeIgniter\CodeIgniter->handleRequest(NULL, Object(Config\Cache), false)
#14 D:\job\Software\xampp\htdocs\sentrahki\public\index.php(44): CodeIgniter\CodeIgniter->run()
#15 {main}
CRITICAL - 2021-02-20 11:18:25 --> Invalid file: ipr/patent/patents.php
#0 D:\job\Software\xampp\htdocs\sentrahki\system\View\View.php(203): CodeIgniter\Exceptions\FrameworkException::forInvalidFile('ipr/patent/pate...')
#1 D:\job\Software\xampp\htdocs\sentrahki\system\Common.php(1217): CodeIgniter\View\View->render('ipr/patent/pate...', Array, true)
#2 D:\job\Software\xampp\htdocs\sentrahki\app\Views\layout\v_content.php(25): view('ipr/patent/pate...')
#3 D:\job\Software\xampp\htdocs\sentrahki\system\View\View.php(220): include('D:\\job\\Software...')
#4 D:\job\Software\xampp\htdocs\sentrahki\system\View\View.php(222): CodeIgniter\View\View->CodeIgniter\View\{closure}()
#5 D:\job\Software\xampp\htdocs\sentrahki\system\Common.php(1217): CodeIgniter\View\View->render('layout/v_conten...', Array, true)
#6 D:\job\Software\xampp\htdocs\sentrahki\app\Views\layout\v_wrapper.php(5): view('layout/v_conten...')
#7 D:\job\Software\xampp\htdocs\sentrahki\system\View\View.php(220): include('D:\\job\\Software...')
#8 D:\job\Software\xampp\htdocs\sentrahki\system\View\View.php(222): CodeIgniter\View\View->CodeIgniter\View\{closure}()
#9 D:\job\Software\xampp\htdocs\sentrahki\system\Common.php(1217): CodeIgniter\View\View->render('layout/v_wrappe...', Array, true)
#10 D:\job\Software\xampp\htdocs\sentrahki\app\Controllers\Home.php(22): view('layout/v_wrappe...', Array)
#11 D:\job\Software\xampp\htdocs\sentrahki\system\CodeIgniter.php(936): App\Controllers\Home->patentlist()
#12 D:\job\Software\xampp\htdocs\sentrahki\system\CodeIgniter.php(432): CodeIgniter\CodeIgniter->runController(Object(App\Controllers\Home))
#13 D:\job\Software\xampp\htdocs\sentrahki\system\CodeIgniter.php(333): CodeIgniter\CodeIgniter->handleRequest(NULL, Object(Config\Cache), false)
#14 D:\job\Software\xampp\htdocs\sentrahki\public\index.php(44): CodeIgniter\CodeIgniter->run()
#15 {main}
